1684179580113	geckodriver	INFO	Listening on 127.0.0.1:61662
1684179580627	mozrunner::runner	INFO	Running command: MOZ_CRASHREPORTER="1" MOZ_CRASHREPORTER_NO_REPORT="1" MOZ_CRASHREPORTER_SHUTDOWN="1" MOZ_NO_REMOTE="1" "/App ... s" "localhost" "-foreground" "-no-remote" "-profile" "/var/folders/wc/1fgpcwpx4rzfbbc7shb_wy8h0000gn/T/rust_mozprofileYjYtfw"
console.warn: services.settings: Ignoring preference override of remote settings server
console.warn: services.settings: Allow by setting MOZ_REMOTE_SETTINGS_DEVTOOLS=1 in the environment
1684179581803	Marionette	INFO	Marionette enabled
1684179582323	Marionette	INFO	Listening on port 61680
Read port: 61680
console.error: "Warning: unrecognized command line flag -remote-allow-hosts\n"
WebDriver BiDi listening on ws://127.0.0.1:61663
1684179582917	RemoteAgent	WARN	TLS certificate errors will be ignored for this session
UNSUPPORTED (log once): POSSIBLE ISSUE: unit 1 GLD_TEXTURE_INDEX_2D is unloadable and bound to sampler type (Float) - using zero texture because texture unloadable
console.warn: SearchSettings: "get: No settings file exists, new profile?" (new NotFoundError("Could not open the file at /var/folders/wc/1fgpcwpx4rzfbbc7shb_wy8h0000gn/T/rust_mozprofileYjYtfw/search.json.mozlz4", (void 0)))
[ERROR glean_core] Error setting metrics feature config: Json(Error("EOF while parsing a value", line: 1, column: 0))
DevTools listening on ws://127.0.0.1:61663/devtools/browser/2209ff6b-6423-451d-a124-32810a3f5b16
1684225475685	Marionette	INFO	Stopped listening on port 61680
1687427648179	geckodriver	INFO	Listening on 127.0.0.1:56742
1687427648666	mozrunner::runner	INFO	Running command: MOZ_CRASHREPORTER="1" MOZ_CRASHREPORTER_NO_REPORT="1" MOZ_CRASHREPORTER_SHUTDOWN="1" MOZ_NO_REMOTE="1" "/App ... s" "localhost" "-foreground" "-no-remote" "-profile" "/var/folders/wc/1fgpcwpx4rzfbbc7shb_wy8h0000gn/T/rust_mozprofileGZGIBZ"
console.warn: services.settings: Ignoring preference override of remote settings server
console.warn: services.settings: Allow by setting MOZ_REMOTE_SETTINGS_DEVTOOLS=1 in the environment
1687427649434	Marionette	INFO	Marionette enabled
1687427649509	Marionette	INFO	Listening on port 56754
console.error: "Warning: unrecognized command line flag -remote-allow-hosts\n"
WebDriver BiDi listening on ws://127.0.0.1:56743
Read port: 56754
1687427649747	RemoteAgent	WARN	TLS certificate errors will be ignored for this session
UNSUPPORTED (log once): POSSIBLE ISSUE: unit 1 GLD_TEXTURE_INDEX_2D is unloadable and bound to sampler type (Float) - using zero texture because texture unloadable
[ERROR glean_core] Error setting metrics feature config: Json(Error("EOF while parsing a value", line: 1, column: 0))
DevTools listening on ws://127.0.0.1:56743/devtools/browser/183cf4da-840b-4b8c-a266-c56529db5185
JavaScript error: https://www.xn--mngelmelder-l8a.de/bms/974580, line 1: ReferenceError: wdwMapInit is not defined
JavaScript error: https://www.xn--mngelmelder-l8a.de/bms/974580, line 1: ReferenceError: wdwMapInit is not defined
JavaScript error: https://www.xn--mngelmelder-l8a.de/bms/1214083, line 1: ReferenceError: wdwMapInit is not defined
JavaScript error: https://www.xn--mngelmelder-l8a.de/bms/1049713, line 1: ReferenceError: wdwMapInit is not defined
JavaScript error: https://www.xn--mngelmelder-l8a.de/bms/1212522, line 1: ReferenceError: wdwMapInit is not defined
JavaScript error: https://www.xn--mngelmelder-l8a.de/bms/1214048, line 1: ReferenceError: wdwMapInit is not defined
JavaScript error: https://www.xn--mngelmelder-l8a.de/bms/1118498, line 1: ReferenceError: wdwMapInit is not defined
JavaScript error: https://www.xn--mngelmelder-l8a.de/bms/1041773, line 1: ReferenceError: wdwMapInit is not defined
JavaScript error: https://www.xn--mngelmelder-l8a.de/bms/1020916, line 1: ReferenceError: wdwMapInit is not defined
JavaScript error: https://www.xn--mngelmelder-l8a.de/bms/1099905, line 1: ReferenceError: wdwMapInit is not defined
JavaScript error: https://www.xn--mngelmelder-l8a.de/bms/1125986, line 1: ReferenceError: wdwMapInit is not defined
JavaScript error: https://www.xn--mngelmelder-l8a.de/bms/1187727, line 1: ReferenceError: wdwMapInit is not defined
JavaScript error: https://www.xn--mngelmelder-l8a.de/bms/936958, line 1: ReferenceError: wdwMapInit is not defined
JavaScript error: https://www.xn--mngelmelder-l8a.de/bms/1230681, line 1: ReferenceError: wdwMapInit is not defined
JavaScript error: https://www.xn--mngelmelder-l8a.de/bms/1013105, line 1: ReferenceError: wdwMapInit is not defined
JavaScript error: https://www.xn--mngelmelder-l8a.de/bms/1056195, line 1: ReferenceError: wdwMapInit is not defined
JavaScript error: https://www.xn--mngelmelder-l8a.de/bms/1206328, line 1: ReferenceError: wdwMapInit is not defined
JavaScript error: https://www.xn--mngelmelder-l8a.de/bms/1206328, line 1: ReferenceError: wdwMapInit is not defined
JavaScript error: https://www.xn--mngelmelder-l8a.de/bms/1206328, line 1: ReferenceError: wdwMapInit is not defined
JavaScript error: https://www.xn--mngelmelder-l8a.de/bms/1206328, line 1: ReferenceError: wdwMapInit is not defined
JavaScript error: https://www.xn--mngelmelder-l8a.de/bms/928405, line 1: ReferenceError: wdwMapInit is not defined
JavaScript error: https://www.xn--mngelmelder-l8a.de/bms/1057281, line 1: ReferenceError: wdwMapInit is not defined
JavaScript error: https://www.xn--mngelmelder-l8a.de/bms/982657, line 1: ReferenceError: wdwMapInit is not defined
JavaScript error: https://www.xn--mngelmelder-l8a.de/bms/982657, line 1: ReferenceError: wdwMapInit is not defined
JavaScript error: https://www.xn--mngelmelder-l8a.de/bms/982657, line 1: ReferenceError: wdwMapInit is not defined
JavaScript error: https://www.xn--mngelmelder-l8a.de/bms/982657, line 1: ReferenceError: wdwMapInit is not defined
JavaScript error: https://www.xn--mngelmelder-l8a.de/bms/982657, line 1: ReferenceError: wdwMapInit is not defined
JavaScript error: https://www.xn--mngelmelder-l8a.de/bms/1079976, line 1: ReferenceError: wdwMapInit is not defined
JavaScript error: https://www.xn--mngelmelder-l8a.de/bms/1206745, line 1: ReferenceError: wdwMapInit is not defined
JavaScript error: https://www.xn--mngelmelder-l8a.de/bms/1232928, line 1: ReferenceError: wdwMapInit is not defined
JavaScript error: https://www.xn--mngelmelder-l8a.de/bms/1149006, line 1: ReferenceError: wdwMapInit is not defined
JavaScript error: https://www.xn--mngelmelder-l8a.de/bms/1086745, line 1: ReferenceError: wdwMapInit is not defined
JavaScript error: https://www.xn--mngelmelder-l8a.de/bms/1144184, line 1: ReferenceError: wdwMapInit is not defined
JavaScript error: https://www.xn--mngelmelder-l8a.de/bms/1213852, line 1: ReferenceError: wdwMapInit is not defined
JavaScript error: https://www.xn--mngelmelder-l8a.de/bms/1166012, line 1: ReferenceError: wdwMapInit is not defined
JavaScript error: https://www.xn--mngelmelder-l8a.de/bms/1032412, line 1: ReferenceError: wdwMapInit is not defined
JavaScript error: https://www.xn--mngelmelder-l8a.de/bms/1212514, line 1: ReferenceError: wdwMapInit is not defined
JavaScript error: https://www.xn--mngelmelder-l8a.de/bms/1055148, line 1: ReferenceError: wdwMapInit is not defined
JavaScript error: https://www.xn--mngelmelder-l8a.de/bms/1056362, line 1: ReferenceError: wdwMapInit is not defined
JavaScript error: https://www.xn--mngelmelder-l8a.de/bms/888820, line 1: ReferenceError: wdwMapInit is not defined
JavaScript error: https://www.xn--mngelmelder-l8a.de/bms/1164584, line 1: ReferenceError: wdwMapInit is not defined
JavaScript error: https://www.xn--mngelmelder-l8a.de/bms/1117620, line 1: ReferenceError: wdwMapInit is not defined
JavaScript error: https://www.xn--mngelmelder-l8a.de/bms/1118668, line 1: ReferenceError: wdwMapInit is not defined
JavaScript error: https://www.xn--mngelmelder-l8a.de/bms/1029009, line 1: ReferenceError: wdwMapInit is not defined
JavaScript error: https://www.xn--mngelmelder-l8a.de/bms/926956, line 1: ReferenceError: wdwMapInit is not defined
JavaScript error: https://www.xn--mngelmelder-l8a.de/bms/1223836, line 1: ReferenceError: wdwMapInit is not defined
JavaScript error: https://www.xn--mngelmelder-l8a.de/bms/1200627, line 1: ReferenceError: wdwMapInit is not defined
JavaScript error: https://www.xn--mngelmelder-l8a.de/bms/877685, line 1: ReferenceError: wdwMapInit is not defined
JavaScript error: https://www.xn--mngelmelder-l8a.de/bms/913410, line 1: ReferenceError: wdwMapInit is not defined
JavaScript error: https://www.xn--mngelmelder-l8a.de/bms/902750, line 1: ReferenceError: wdwMapInit is not defined
JavaScript error: https://www.xn--mngelmelder-l8a.de/bms/930834, line 1: ReferenceError: wdwMapInit is not defined
JavaScript error: https://www.xn--mngelmelder-l8a.de/bms/863249, line 1: ReferenceError: wdwMapInit is not defined
JavaScript error: https://www.xn--mngelmelder-l8a.de/bms/1177306, line 1: ReferenceError: wdwMapInit is not defined
JavaScript error: https://www.xn--mngelmelder-l8a.de/bms/1054466, line 1: ReferenceError: wdwMapInit is not defined
JavaScript error: https://www.xn--mngelmelder-l8a.de/bms/1084422, line 1: ReferenceError: wdwMapInit is not defined
JavaScript error: https://www.xn--mngelmelder-l8a.de/bms/1073049, line 1: ReferenceError: wdwMapInit is not defined
JavaScript error: https://www.xn--mngelmelder-l8a.de/bms/1178143, line 1: ReferenceError: wdwMapInit is not defined
JavaScript error: https://www.xn--mngelmelder-l8a.de/bms/1103621, line 1: ReferenceError: wdwMapInit is not defined
JavaScript error: https://www.xn--mngelmelder-l8a.de/bms/1154146, line 1: ReferenceError: wdwMapInit is not defined
JavaScript error: https://www.xn--mngelmelder-l8a.de/bms/1044252, line 1: ReferenceError: wdwMapInit is not defined
JavaScript error: https://www.xn--mngelmelder-l8a.de/bms/1099360, line 1: ReferenceError: wdwMapInit is not defined
[Child 58833, Main Thread] WARNING: JSWindowActorChild::SendRawMessage (ContentMeta, Meta:SetPageInfo) not sent: !CanSend() || !mManager || !mManager->CanSend(): file /builds/worker/checkouts/gecko/dom/ipc/jsactor/JSWindowActorChild.cpp:57
JavaScript error: resource://gre/actors/ContentMetaChild.sys.mjs, line 179: InvalidStateError: JSWindowActorChild.sendAsyncMessage: JSWindowActorChild cannot send at the moment
JavaScript error: https://www.xn--mngelmelder-l8a.de/bms/1164185, line 1: ReferenceError: wdwMapInit is not defined
JavaScript error: https://www.xn--mngelmelder-l8a.de/bms/939147, line 1: ReferenceError: wdwMapInit is not defined
JavaScript error: https://www.xn--mngelmelder-l8a.de/bms/1223236, line 1: ReferenceError: wdwMapInit is not defined
JavaScript error: https://www.xn--mngelmelder-l8a.de/bms/1192255, line 1: ReferenceError: wdwMapInit is not defined
JavaScript error: https://www.xn--mngelmelder-l8a.de/bms/1092929, line 1: ReferenceError: wdwMapInit is not defined
JavaScript error: https://www.xn--mngelmelder-l8a.de/bms/1079121, line 1: ReferenceError: wdwMapInit is not defined
JavaScript error: https://www.xn--mngelmelder-l8a.de/bms/1230083, line 1: ReferenceError: wdwMapInit is not defined
JavaScript error: https://www.xn--mngelmelder-l8a.de/bms/1227808, line 1: ReferenceError: wdwMapInit is not defined
JavaScript error: https://www.xn--mngelmelder-l8a.de/bms/1105945, line 1: ReferenceError: wdwMapInit is not defined
JavaScript error: https://www.xn--mngelmelder-l8a.de/bms/981081, line 1: ReferenceError: wdwMapInit is not defined
JavaScript error: https://www.xn--mngelmelder-l8a.de/bms/1077083, line 1: ReferenceError: wdwMapInit is not defined
JavaScript error: https://www.xn--mngelmelder-l8a.de/bms/1120808, line 1: ReferenceError: wdwMapInit is not defined
JavaScript error: https://www.xn--mngelmelder-l8a.de/bms/1098241, line 1: ReferenceError: wdwMapInit is not defined
[Child 58833, Main Thread] WARNING: JSWindowActorChild::SendRawMessage (DevToolsFrame, DevToolsFrameChild:destroy) not sent: !CanSend() || !mManager || !mManager->CanSend(): file /builds/worker/checkouts/gecko/dom/ipc/jsactor/JSWindowActorChild.cpp:57
JavaScript error: https://www.xn--mngelmelder-l8a.de/bms/974580, line 1: ReferenceError: wdwMapInit is not defined
[Child 58833, Main Thread] WARNING: JSWindowActorChild::SendRawMessage (DevToolsFrame, DevToolsFrameChild:destroy) not sent: !CanSend() || !mManager || !mManager->CanSend(): file /builds/worker/checkouts/gecko/dom/ipc/jsactor/JSWindowActorChild.cpp:57
JavaScript error: https://www.xn--mngelmelder-l8a.de/bms/1214083, line 1: ReferenceError: wdwMapInit is not defined
[Child 58833, Main Thread] WARNING: JSWindowActorChild::SendRawMessage (DevToolsFrame, DevToolsFrameChild:destroy) not sent: !CanSend() || !mManager || !mManager->CanSend(): file /builds/worker/checkouts/gecko/dom/ipc/jsactor/JSWindowActorChild.cpp:57
JavaScript error: https://www.xn--mngelmelder-l8a.de/bms/1049713, line 1: ReferenceError: wdwMapInit is not defined
NetworkHelper.parseSecurityInfo threw an exception: Security state 0 has no known STATE_IS_* flags.
console.error: "Security state 0 has no known STATE_IS_* flags."
console.error: "stylesheets: fetch failed for https://static.werdenktwas.de/r/768/static/css_res/combined.min.css, using system principal instead."
console.error: "stylesheets: fetch failed for https://static.werdenktwas.de/r/768/static/css_res/combined.min.css, using system principal instead."
[Child 58833, Main Thread] WARNING: JSWindowActorChild::SendRawMessage (DevToolsFrame, DevToolsFrameChild:destroy) not sent: !CanSend() || !mManager || !mManager->CanSend(): file /builds/worker/checkouts/gecko/dom/ipc/jsactor/JSWindowActorChild.cpp:57
JavaScript error: https://www.xn--mngelmelder-l8a.de/bms/1212522, line 1: ReferenceError: wdwMapInit is not defined
[Child 58833, Main Thread] WARNING: JSWindowActorChild::SendRawMessage (DevToolsFrame, DevToolsFrameChild:destroy) not sent: !CanSend() || !mManager || !mManager->CanSend(): file /builds/worker/checkouts/gecko/dom/ipc/jsactor/JSWindowActorChild.cpp:57
JavaScript error: https://www.xn--mngelmelder-l8a.de/bms/1214048, line 1: ReferenceError: wdwMapInit is not defined
console.error: "stylesheets: fetch failed for https://static.werdenktwas.de/r/768/static/css_res/combined.min.css, using system principal instead."
console.error: "stylesheets: fetch failed for https://static.werdenktwas.de/r/768/static/css_res/combined.min.css, using system principal instead."
NetworkHelper.parseSecurityInfo threw an exception: Security state 0 has no known STATE_IS_* flags.
console.error: "Security state 0 has no known STATE_IS_* flags."
NetworkHelper.parseSecurityInfo threw an exception: Security state 0 has no known STATE_IS_* flags.
console.error: "Security state 0 has no known STATE_IS_* flags."
NetworkHelper.parseSecurityInfo threw an exception: Security state 0 has no known STATE_IS_* flags.
console.error: "Security state 0 has no known STATE_IS_* flags."
NetworkHelper.parseSecurityInfo threw an exception: Security state 0 has no known STATE_IS_* flags.
console.error: "Security state 0 has no known STATE_IS_* flags."
NetworkHelper.parseSecurityInfo threw an exception: Security state 0 has no known STATE_IS_* flags.
console.error: "Security state 0 has no known STATE_IS_* flags."
NetworkHelper.parseSecurityInfo threw an exception: Security state 0 has no known STATE_IS_* flags.
console.error: "Security state 0 has no known STATE_IS_* flags."
[Child 58833, Main Thread] WARNING: JSWindowActorChild::SendRawMessage (DevToolsFrame, DevToolsFrameChild:destroy) not sent: !CanSend() || !mManager || !mManager->CanSend(): file /builds/worker/checkouts/gecko/dom/ipc/jsactor/JSWindowActorChild.cpp:57
JavaScript error: https://www.xn--mngelmelder-l8a.de/bms/1118498, line 1: ReferenceError: wdwMapInit is not defined
NetworkHelper.parseSecurityInfo threw an exception: Security state 0 has no known STATE_IS_* flags.
console.error: "Security state 0 has no known STATE_IS_* flags."
NetworkHelper.parseSecurityInfo threw an exception: Security state 0 has no known STATE_IS_* flags.
console.error: "Security state 0 has no known STATE_IS_* flags."
NetworkHelper.parseSecurityInfo threw an exception: Security state 0 has no known STATE_IS_* flags.
console.error: "Security state 0 has no known STATE_IS_* flags."
NetworkHelper.parseSecurityInfo threw an exception: Security state 0 has no known STATE_IS_* flags.
console.error: "Security state 0 has no known STATE_IS_* flags."
NetworkHelper.parseSecurityInfo threw an exception: Security state 0 has no known STATE_IS_* flags.
console.error: "Security state 0 has no known STATE_IS_* flags."
NetworkHelper.parseSecurityInfo threw an exception: Security state 0 has no known STATE_IS_* flags.
console.error: "Security state 0 has no known STATE_IS_* flags."
[Child 58833, Main Thread] WARNING: JSWindowActorChild::SendRawMessage (DevToolsFrame, DevToolsFrameChild:destroy) not sent: !CanSend() || !mManager || !mManager->CanSend(): file /builds/worker/checkouts/gecko/dom/ipc/jsactor/JSWindowActorChild.cpp:57
JavaScript error: https://www.xn--mngelmelder-l8a.de/bms/1041773, line 1: ReferenceError: wdwMapInit is not defined
[Child 58833, Main Thread] WARNING: JSWindowActorChild::SendRawMessage (DevToolsFrame, DevToolsFrameChild:destroy) not sent: !CanSend() || !mManager || !mManager->CanSend(): file /builds/worker/checkouts/gecko/dom/ipc/jsactor/JSWindowActorChild.cpp:57
JavaScript error: https://www.xn--mngelmelder-l8a.de/bms/1020916, line 1: ReferenceError: wdwMapInit is not defined
NetworkHelper.parseSecurityInfo threw an exception: Security state 0 has no known STATE_IS_* flags.
console.error: "Security state 0 has no known STATE_IS_* flags."
NetworkHelper.parseSecurityInfo threw an exception: Security state 0 has no known STATE_IS_* flags.
console.error: "Security state 0 has no known STATE_IS_* flags."
[Child 58833, Main Thread] WARNING: JSWindowActorChild::SendRawMessage (DevToolsFrame, DevToolsFrameChild:destroy) not sent: !CanSend() || !mManager || !mManager->CanSend(): file /builds/worker/checkouts/gecko/dom/ipc/jsactor/JSWindowActorChild.cpp:57
JavaScript error: https://www.xn--mngelmelder-l8a.de/bms/1099905, line 1: ReferenceError: wdwMapInit is not defined
console.error: "stylesheets: fetch failed for https://static.werdenktwas.de/domain/32/custom.css?v=1, using system principal instead."
console.error: "stylesheets: fetch failed for https://static.werdenktwas.de/domain/32/custom.css?v=1, using system principal instead."
NetworkHelper.parseSecurityInfo threw an exception: Security state 0 has no known STATE_IS_* flags.
console.error: "Security state 0 has no known STATE_IS_* flags."
NetworkHelper.parseSecurityInfo threw an exception: Security state 0 has no known STATE_IS_* flags.
console.error: "Security state 0 has no known STATE_IS_* flags."
NetworkHelper.parseSecurityInfo threw an exception: Security state 0 has no known STATE_IS_* flags.
console.error: "Security state 0 has no known STATE_IS_* flags."
[Child 58833, Main Thread] WARNING: JSWindowActorChild::SendRawMessage (DevToolsFrame, DevToolsFrameChild:destroy) not sent: !CanSend() || !mManager || !mManager->CanSend(): file /builds/worker/checkouts/gecko/dom/ipc/jsactor/JSWindowActorChild.cpp:57
JavaScript error: https://www.xn--mngelmelder-l8a.de/bms/1125986, line 1: ReferenceError: wdwMapInit is not defined
[Child 58833, Main Thread] WARNING: JSWindowActorChild::SendRawMessage (DevToolsFrame, DevToolsFrameChild:destroy) not sent: !CanSend() || !mManager || !mManager->CanSend(): file /builds/worker/checkouts/gecko/dom/ipc/jsactor/JSWindowActorChild.cpp:57
JavaScript error: https://www.xn--mngelmelder-l8a.de/bms/1187727, line 1: ReferenceError: wdwMapInit is not defined
[Child 58833, Main Thread] WARNING: JSWindowActorChild::SendRawMessage (DevToolsFrame, DevToolsFrameChild:destroy) not sent: !CanSend() || !mManager || !mManager->CanSend(): file /builds/worker/checkouts/gecko/dom/ipc/jsactor/JSWindowActorChild.cpp:57
[Child 58833, Main Thread] WARNING: JSWindowActorChild::SendRawMessage (DevToolsFrame, DevToolsFrameChild:destroy) not sent: !CanSend() || !mManager || !mManager->CanSend(): file /builds/worker/checkouts/gecko/dom/ipc/jsactor/JSWindowActorChild.cpp:57
[Child 58833, Main Thread] WARNING: JSWindowActorChild::SendRawMessage (DevToolsFrame, DevToolsFrameChild:destroy) not sent: !CanSend() || !mManager || !mManager->CanSend(): file /builds/worker/checkouts/gecko/dom/ipc/jsactor/JSWindowActorChild.cpp:57
[Child 58833, Main Thread] WARNING: JSWindowActorChild::SendRawMessage (DevToolsFrame, DevToolsFrameChild:destroy) not sent: !CanSend() || !mManager || !mManager->CanSend(): file /builds/worker/checkouts/gecko/dom/ipc/jsactor/JSWindowActorChild.cpp:57
JavaScript error: https://www.xn--mngelmelder-l8a.de/bms/936958, line 1: ReferenceError: wdwMapInit is not defined
[Child 58833, Main Thread] WARNING: JSWindowActorChild::SendRawMessage (DevToolsFrame, DevToolsFrameChild:destroy) not sent: !CanSend() || !mManager || !mManager->CanSend(): file /builds/worker/checkouts/gecko/dom/ipc/jsactor/JSWindowActorChild.cpp:57
JavaScript error: https://www.xn--mngelmelder-l8a.de/bms/1230681, line 1: ReferenceError: wdwMapInit is not defined
[Child 58833, Main Thread] WARNING: JSWindowActorChild::SendRawMessage (DevToolsFrame, DevToolsFrameChild:destroy) not sent: !CanSend() || !mManager || !mManager->CanSend(): file /builds/worker/checkouts/gecko/dom/ipc/jsactor/JSWindowActorChild.cpp:57
JavaScript error: https://www.xn--mngelmelder-l8a.de/bms/1013105, line 1: ReferenceError: wdwMapInit is not defined
[Child 58833, Main Thread] WARNING: JSWindowActorChild::SendRawMessage (DevToolsFrame, DevToolsFrameChild:destroy) not sent: !CanSend() || !mManager || !mManager->CanSend(): file /builds/worker/checkouts/gecko/dom/ipc/jsactor/JSWindowActorChild.cpp:57
JavaScript error: https://www.xn--mngelmelder-l8a.de/bms/1056195, line 1: ReferenceError: wdwMapInit is not defined
console.error: "stylesheets: fetch failed for https://static.werdenktwas.de/r/768/static/css_res/combined.min.css, using system principal instead."
NetworkHelper.parseSecurityInfo threw an exception: Security state 0 has no known STATE_IS_* flags.
console.error: "Security state 0 has no known STATE_IS_* flags."
NetworkHelper.parseSecurityInfo threw an exception: Security state 0 has no known STATE_IS_* flags.
console.error: "Security state 0 has no known STATE_IS_* flags."
NetworkHelper.parseSecurityInfo threw an exception: Security state 0 has no known STATE_IS_* flags.
console.error: "Security state 0 has no known STATE_IS_* flags."
NetworkHelper.parseSecurityInfo threw an exception: Security state 0 has no known STATE_IS_* flags.
console.error: "Security state 0 has no known STATE_IS_* flags."
NetworkHelper.parseSecurityInfo threw an exception: Security state 0 has no known STATE_IS_* flags.
console.error: "Security state 0 has no known STATE_IS_* flags."
NetworkHelper.parseSecurityInfo threw an exception: Security state 0 has no known STATE_IS_* flags.
console.error: "Security state 0 has no known STATE_IS_* flags."
NetworkHelper.parseSecurityInfo threw an exception: Security state 0 has no known STATE_IS_* flags.
console.error: "Security state 0 has no known STATE_IS_* flags."
console.error: "stylesheets: fetch failed for https://static.werdenktwas.de/r/768/static/css_res/combined.min.css, using system principal instead."
[Child 58833, Main Thread] WARNING: JSWindowActorChild::SendRawMessage (DevToolsFrame, DevToolsFrameChild:destroy) not sent: !CanSend() || !mManager || !mManager->CanSend(): file /builds/worker/checkouts/gecko/dom/ipc/jsactor/JSWindowActorChild.cpp:57
JavaScript error: https://www.xn--mngelmelder-l8a.de/bms/1206328, line 1: ReferenceError: wdwMapInit is not defined
[Child 58833, Main Thread] WARNING: JSWindowActorChild::SendRawMessage (DevToolsFrame, DevToolsFrameChild:destroy) not sent: !CanSend() || !mManager || !mManager->CanSend(): file /builds/worker/checkouts/gecko/dom/ipc/jsactor/JSWindowActorChild.cpp:57
JavaScript error: https://www.xn--mngelmelder-l8a.de/bms/928405, line 1: ReferenceError: wdwMapInit is not defined
NetworkHelper.parseSecurityInfo threw an exception: Security state 0 has no known STATE_IS_* flags.
console.error: "Security state 0 has no known STATE_IS_* flags."
console.error: "stylesheets: fetch failed for https://static.werdenktwas.de/r/768/static/css_res/combined.min.css, using system principal instead."
console.error: "stylesheets: fetch failed for https://static.werdenktwas.de/r/768/static/css_res/combined.min.css, using system principal instead."
NetworkHelper.parseSecurityInfo threw an exception: Security state 0 has no known STATE_IS_* flags.
console.error: "Security state 0 has no known STATE_IS_* flags."
NetworkHelper.parseSecurityInfo threw an exception: Security state 0 has no known STATE_IS_* flags.
console.error: "Security state 0 has no known STATE_IS_* flags."
NetworkHelper.parseSecurityInfo threw an exception: Security state 0 has no known STATE_IS_* flags.
console.error: "Security state 0 has no known STATE_IS_* flags."
[Child 58833, Main Thread] WARNING: JSWindowActorChild::SendRawMessage (DevToolsFrame, DevToolsFrameChild:destroy) not sent: !CanSend() || !mManager || !mManager->CanSend(): file /builds/worker/checkouts/gecko/dom/ipc/jsactor/JSWindowActorChild.cpp:57
JavaScript error: https://www.xn--mngelmelder-l8a.de/bms/1057281, line 1: ReferenceError: wdwMapInit is not defined
[Child 58833, Main Thread] WARNING: JSWindowActorChild::SendRawMessage (DevToolsFrame, DevToolsFrameChild:destroy) not sent: !CanSend() || !mManager || !mManager->CanSend(): file /builds/worker/checkouts/gecko/dom/ipc/jsactor/JSWindowActorChild.cpp:57
JavaScript error: https://www.xn--mngelmelder-l8a.de/bms/982657, line 1: ReferenceError: wdwMapInit is not defined
[Child 58833, Main Thread] WARNING: JSWindowActorChild::SendRawMessage (DevToolsFrame, DevToolsFrameChild:destroy) not sent: !CanSend() || !mManager || !mManager->CanSend(): file /builds/worker/checkouts/gecko/dom/ipc/jsactor/JSWindowActorChild.cpp:57
[Child 58833, Main Thread] WARNING: JSWindowActorChild::SendRawMessage (DevToolsFrame, DevToolsFrameChild:destroy) not sent: !CanSend() || !mManager || !mManager->CanSend(): file /builds/worker/checkouts/gecko/dom/ipc/jsactor/JSWindowActorChild.cpp:57
JavaScript error: https://www.xn--mngelmelder-l8a.de/bms/1079976, line 1: ReferenceError: wdwMapInit is not defined
console.error: "stylesheets: fetch failed for https://static.werdenktwas.de/r/768/static/css_res/combined.min.css, using system principal instead."
console.error: "stylesheets: fetch failed for https://static.werdenktwas.de/r/768/static/css_res/combined.min.css, using system principal instead."
[Child 58833, Main Thread] WARNING: JSWindowActorChild::SendRawMessage (DevToolsFrame, DevToolsFrameChild:destroy) not sent: !CanSend() || !mManager || !mManager->CanSend(): file /builds/worker/checkouts/gecko/dom/ipc/jsactor/JSWindowActorChild.cpp:57
[Child 58833, Main Thread] WARNING: JSWindowActorChild::SendRawMessage (DevToolsFrame, DevToolsFrameChild:destroy) not sent: !CanSend() || !mManager || !mManager->CanSend(): file /builds/worker/checkouts/gecko/dom/ipc/jsactor/JSWindowActorChild.cpp:57
JavaScript error: https://www.xn--mngelmelder-l8a.de/bms/1206745, line 1: ReferenceError: wdwMapInit is not defined
NetworkHelper.parseSecurityInfo threw an exception: Security state 0 has no known STATE_IS_* flags.
console.error: "Security state 0 has no known STATE_IS_* flags."
NetworkHelper.parseSecurityInfo threw an exception: Security state 0 has no known STATE_IS_* flags.
console.error: "Security state 0 has no known STATE_IS_* flags."
NetworkHelper.parseSecurityInfo threw an exception: Security state 0 has no known STATE_IS_* flags.
console.error: "Security state 0 has no known STATE_IS_* flags."
NetworkHelper.parseSecurityInfo threw an exception: Security state 0 has no known STATE_IS_* flags.
console.error: "Security state 0 has no known STATE_IS_* flags."
NetworkHelper.parseSecurityInfo threw an exception: Security state 0 has no known STATE_IS_* flags.
console.error: "Security state 0 has no known STATE_IS_* flags."
NetworkHelper.parseSecurityInfo threw an exception: Security state 0 has no known STATE_IS_* flags.
console.error: "Security state 0 has no known STATE_IS_* flags."
NetworkHelper.parseSecurityInfo threw an exception: Security state 0 has no known STATE_IS_* flags.
console.error: "Security state 0 has no known STATE_IS_* flags."
[Child 58833, Main Thread] WARNING: JSWindowActorChild::SendRawMessage (DevToolsFrame, DevToolsFrameChild:destroy) not sent: !CanSend() || !mManager || !mManager->CanSend(): file /builds/worker/checkouts/gecko/dom/ipc/jsactor/JSWindowActorChild.cpp:57
JavaScript error: https://www.xn--mngelmelder-l8a.de/bms/1232928, line 1: ReferenceError: wdwMapInit is not defined
NetworkHelper.parseSecurityInfo threw an exception: Security state 0 has no known STATE_IS_* flags.
console.error: "Security state 0 has no known STATE_IS_* flags."
NetworkHelper.parseSecurityInfo threw an exception: Security state 0 has no known STATE_IS_* flags.
console.error: "Security state 0 has no known STATE_IS_* flags."
NetworkHelper.parseSecurityInfo threw an exception: Security state 0 has no known STATE_IS_* flags.
console.error: "Security state 0 has no known STATE_IS_* flags."
NetworkHelper.parseSecurityInfo threw an exception: Security state 0 has no known STATE_IS_* flags.
console.error: "Security state 0 has no known STATE_IS_* flags."
NetworkHelper.parseSecurityInfo threw an exception: Security state 0 has no known STATE_IS_* flags.
console.error: "Security state 0 has no known STATE_IS_* flags."
NetworkHelper.parseSecurityInfo threw an exception: Security state 0 has no known STATE_IS_* flags.
console.error: "Security state 0 has no known STATE_IS_* flags."
[Child 58833, Main Thread] WARNING: JSWindowActorChild::SendRawMessage (DevToolsFrame, DevToolsFrameChild:destroy) not sent: !CanSend() || !mManager || !mManager->CanSend(): file /builds/worker/checkouts/gecko/dom/ipc/jsactor/JSWindowActorChild.cpp:57
JavaScript error: https://www.xn--mngelmelder-l8a.de/bms/1149006, line 1: ReferenceError: wdwMapInit is not defined
[Child 58833, Main Thread] WARNING: JSWindowActorChild::SendRawMessage (DevToolsFrame, DevToolsFrameChild:destroy) not sent: !CanSend() || !mManager || !mManager->CanSend(): file /builds/worker/checkouts/gecko/dom/ipc/jsactor/JSWindowActorChild.cpp:57
JavaScript error: https://www.xn--mngelmelder-l8a.de/bms/1086745, line 1: ReferenceError: wdwMapInit is not defined
NetworkHelper.parseSecurityInfo threw an exception: Security state 0 has no known STATE_IS_* flags.
console.error: "Security state 0 has no known STATE_IS_* flags."
NetworkHelper.parseSecurityInfo threw an exception: Security state 0 has no known STATE_IS_* flags.
console.error: "Security state 0 has no known STATE_IS_* flags."
NetworkHelper.parseSecurityInfo threw an exception: Security state 0 has no known STATE_IS_* flags.
console.error: "Security state 0 has no known STATE_IS_* flags."
NetworkHelper.parseSecurityInfo threw an exception: Security state 0 has no known STATE_IS_* flags.
console.error: "Security state 0 has no known STATE_IS_* flags."
NetworkHelper.parseSecurityInfo threw an exception: Security state 0 has no known STATE_IS_* flags.
console.error: "Security state 0 has no known STATE_IS_* flags."
NetworkHelper.parseSecurityInfo threw an exception: Security state 0 has no known STATE_IS_* flags.
console.error: "Security state 0 has no known STATE_IS_* flags."
[Child 58833, Main Thread] WARNING: JSWindowActorChild::SendRawMessage (DevToolsFrame, DevToolsFrameChild:destroy) not sent: !CanSend() || !mManager || !mManager->CanSend(): file /builds/worker/checkouts/gecko/dom/ipc/jsactor/JSWindowActorChild.cpp:57
JavaScript error: https://www.xn--mngelmelder-l8a.de/bms/1144184, line 1: ReferenceError: wdwMapInit is not defined
console.error: "stylesheets: fetch failed for https://static.werdenktwas.de/r/768/static/css_res/combined.min.css, using system principal instead."
console.error: "stylesheets: fetch failed for https://static.werdenktwas.de/r/768/static/css_res/combined.min.css, using system principal instead."
NetworkHelper.parseSecurityInfo threw an exception: Security state 0 has no known STATE_IS_* flags.
console.error: "Security state 0 has no known STATE_IS_* flags."
NetworkHelper.parseSecurityInfo threw an exception: Security state 0 has no known STATE_IS_* flags.
console.error: "Security state 0 has no known STATE_IS_* flags."
NetworkHelper.parseSecurityInfo threw an exception: Security state 0 has no known STATE_IS_* flags.
console.error: "Security state 0 has no known STATE_IS_* flags."
NetworkHelper.parseSecurityInfo threw an exception: Security state 0 has no known STATE_IS_* flags.
console.error: "Security state 0 has no known STATE_IS_* flags."
NetworkHelper.parseSecurityInfo threw an exception: Security state 0 has no known STATE_IS_* flags.
console.error: "Security state 0 has no known STATE_IS_* flags."
NetworkHelper.parseSecurityInfo threw an exception: Security state 0 has no known STATE_IS_* flags.
console.error: "Security state 0 has no known STATE_IS_* flags."
[Child 58833, Main Thread] WARNING: JSWindowActorChild::SendRawMessage (DevToolsFrame, DevToolsFrameChild:destroy) not sent: !CanSend() || !mManager || !mManager->CanSend(): file /builds/worker/checkouts/gecko/dom/ipc/jsactor/JSWindowActorChild.cpp:57
JavaScript error: https://www.xn--mngelmelder-l8a.de/bms/1213852, line 1: ReferenceError: wdwMapInit is not defined
console.error: "stylesheets: fetch failed for https://static.werdenktwas.de/r/768/static/css_res/combined.min.css, using system principal instead."
console.error: "stylesheets: fetch failed for https://static.werdenktwas.de/r/768/static/css_res/combined.min.css, using system principal instead."
[Child 58833, Main Thread] WARNING: JSWindowActorChild::SendRawMessage (DevToolsFrame, DevToolsFrameChild:destroy) not sent: !CanSend() || !mManager || !mManager->CanSend(): file /builds/worker/checkouts/gecko/dom/ipc/jsactor/JSWindowActorChild.cpp:57
JavaScript error: https://www.xn--mngelmelder-l8a.de/bms/1166012, line 1: ReferenceError: wdwMapInit is not defined
NetworkHelper.parseSecurityInfo threw an exception: Security state 0 has no known STATE_IS_* flags.
console.error: "Security state 0 has no known STATE_IS_* flags."
NetworkHelper.parseSecurityInfo threw an exception: Security state 0 has no known STATE_IS_* flags.
console.error: "Security state 0 has no known STATE_IS_* flags."
NetworkHelper.parseSecurityInfo threw an exception: Security state 0 has no known STATE_IS_* flags.
console.error: "Security state 0 has no known STATE_IS_* flags."
NetworkHelper.parseSecurityInfo threw an exception: Security state 0 has no known STATE_IS_* flags.
console.error: "Security state 0 has no known STATE_IS_* flags."
console.error: "stylesheets: fetch failed for https://static.werdenktwas.de/domain/32/custom.css?v=1, using system principal instead."
console.error: "stylesheets: fetch failed for https://static.werdenktwas.de/domain/32/custom.css?v=1, using system principal instead."
[Child 58833, Main Thread] WARNING: JSWindowActorChild::SendRawMessage (DevToolsFrame, DevToolsFrameChild:destroy) not sent: !CanSend() || !mManager || !mManager->CanSend(): file /builds/worker/checkouts/gecko/dom/ipc/jsactor/JSWindowActorChild.cpp:57
JavaScript error: https://www.xn--mngelmelder-l8a.de/bms/1032412, line 1: ReferenceError: wdwMapInit is not defined
console.error: "stylesheets: fetch failed for https://static.werdenktwas.de/r/768/static/css_res/combined.min.css, using system principal instead."
[Child 58833, Main Thread] WARNING: JSWindowActorChild::SendRawMessage (DevToolsFrame, DevToolsFrameChild:destroy) not sent: !CanSend() || !mManager || !mManager->CanSend(): file /builds/worker/checkouts/gecko/dom/ipc/jsactor/JSWindowActorChild.cpp:57
[Child 58833, Main Thread] WARNING: JSWindowActorChild::SendRawMessage (DevToolsFrame, DevToolsFrameChild:destroy) not sent: !CanSend() || !mManager || !mManager->CanSend(): file /builds/worker/checkouts/gecko/dom/ipc/jsactor/JSWindowActorChild.cpp:57
JavaScript error: https://www.xn--mngelmelder-l8a.de/bms/1212514, line 1: ReferenceError: wdwMapInit is not defined
[Child 58833, Main Thread] WARNING: JSWindowActorChild::SendRawMessage (DevToolsFrame, DevToolsFrameChild:destroy) not sent: !CanSend() || !mManager || !mManager->CanSend(): file /builds/worker/checkouts/gecko/dom/ipc/jsactor/JSWindowActorChild.cpp:57
JavaScript error: https://www.xn--mngelmelder-l8a.de/bms/1055148, line 1: ReferenceError: wdwMapInit is not defined
NetworkHelper.parseSecurityInfo threw an exception: Security state 0 has no known STATE_IS_* flags.
console.error: "Security state 0 has no known STATE_IS_* flags."
NetworkHelper.parseSecurityInfo threw an exception: Security state 0 has no known STATE_IS_* flags.
console.error: "Security state 0 has no known STATE_IS_* flags."
NetworkHelper.parseSecurityInfo threw an exception: Security state 0 has no known STATE_IS_* flags.
console.error: "Security state 0 has no known STATE_IS_* flags."
NetworkHelper.parseSecurityInfo threw an exception: Security state 0 has no known STATE_IS_* flags.
console.error: "Security state 0 has no known STATE_IS_* flags."
[Child 58833, Main Thread] WARNING: JSWindowActorChild::SendRawMessage (DevToolsFrame, DevToolsFrameChild:destroy) not sent: !CanSend() || !mManager || !mManager->CanSend(): file /builds/worker/checkouts/gecko/dom/ipc/jsactor/JSWindowActorChild.cpp:57
[Child 58833, Main Thread] WARNING: JSWindowActorChild::SendRawMessage (DevToolsFrame, DevToolsFrameChild:destroy) not sent: !CanSend() || !mManager || !mManager->CanSend(): file /builds/worker/checkouts/gecko/dom/ipc/jsactor/JSWindowActorChild.cpp:57
JavaScript error: https://www.xn--mngelmelder-l8a.de/bms/1056362, line 1: ReferenceError: wdwMapInit is not defined
[Child 58833, Main Thread] WARNING: JSWindowActorChild::SendRawMessage (DevToolsFrame, DevToolsFrameChild:destroy) not sent: !CanSend() || !mManager || !mManager->CanSend(): file /builds/worker/checkouts/gecko/dom/ipc/jsactor/JSWindowActorChild.cpp:57
JavaScript error: https://www.xn--mngelmelder-l8a.de/bms/888820, line 1: ReferenceError: wdwMapInit is not defined
[Child 58833, Main Thread] WARNING: JSWindowActorChild::SendRawMessage (DevToolsFrame, DevToolsFrameChild:destroy) not sent: !CanSend() || !mManager || !mManager->CanSend(): file /builds/worker/checkouts/gecko/dom/ipc/jsactor/JSWindowActorChild.cpp:57
JavaScript error: https://www.xn--mngelmelder-l8a.de/bms/1164584, line 1: ReferenceError: wdwMapInit is not defined
NetworkHelper.parseSecurityInfo threw an exception: Security state 0 has no known STATE_IS_* flags.
console.error: "Security state 0 has no known STATE_IS_* flags."
NetworkHelper.parseSecurityInfo threw an exception: Security state 0 has no known STATE_IS_* flags.
console.error: "Security state 0 has no known STATE_IS_* flags."
NetworkHelper.parseSecurityInfo threw an exception: Security state 0 has no known STATE_IS_* flags.
console.error: "Security state 0 has no known STATE_IS_* flags."
NetworkHelper.parseSecurityInfo threw an exception: Security state 0 has no known STATE_IS_* flags.
console.error: "Security state 0 has no known STATE_IS_* flags."
NetworkHelper.parseSecurityInfo threw an exception: Security state 0 has no known STATE_IS_* flags.
console.error: "Security state 0 has no known STATE_IS_* flags."
NetworkHelper.parseSecurityInfo threw an exception: Security state 0 has no known STATE_IS_* flags.
console.error: "Security state 0 has no known STATE_IS_* flags."
NetworkHelper.parseSecurityInfo threw an exception: Security state 0 has no known STATE_IS_* flags.
console.error: "Security state 0 has no known STATE_IS_* flags."
[Child 58833, Main Thread] WARNING: JSWindowActorChild::SendRawMessage (DevToolsFrame, DevToolsFrameChild:destroy) not sent: !CanSend() || !mManager || !mManager->CanSend(): file /builds/worker/checkouts/gecko/dom/ipc/jsactor/JSWindowActorChild.cpp:57
JavaScript error: https://www.xn--mngelmelder-l8a.de/bms/1117620, line 1: ReferenceError: wdwMapInit is not defined
[Child 58833, Main Thread] WARNING: JSWindowActorChild::SendRawMessage (DevToolsFrame, DevToolsFrameChild:destroy) not sent: !CanSend() || !mManager || !mManager->CanSend(): file /builds/worker/checkouts/gecko/dom/ipc/jsactor/JSWindowActorChild.cpp:57
JavaScript error: https://www.xn--mngelmelder-l8a.de/bms/1118668, line 1: ReferenceError: wdwMapInit is not defined
console.error: "stylesheets: fetch failed for https://static.werdenktwas.de/domain/32/custom.css?v=1, using system principal instead."
console.error: "stylesheets: fetch failed for https://static.werdenktwas.de/domain/32/custom.css?v=1, using system principal instead."
[Child 58833, Main Thread] WARNING: JSWindowActorChild::SendRawMessage (DevToolsFrame, DevToolsFrameChild:destroy) not sent: !CanSend() || !mManager || !mManager->CanSend(): file /builds/worker/checkouts/gecko/dom/ipc/jsactor/JSWindowActorChild.cpp:57
[Child 58833, Main Thread] WARNING: JSWindowActorChild::SendRawMessage (DevToolsFrame, DevToolsFrameChild:destroy) not sent: !CanSend() || !mManager || !mManager->CanSend(): file /builds/worker/checkouts/gecko/dom/ipc/jsactor/JSWindowActorChild.cpp:57
JavaScript error: , line 0: NotFoundError: No such JSWindowActor 'DevToolsFrame'
1687435741248	geckodriver	INFO	Listening on 127.0.0.1:65041
1687435742240	geckodriver	INFO	Listening on 127.0.0.1:65045
1687435742750	mozrunner::runner	INFO	Running command: MOZ_CRASHREPORTER="1" MOZ_CRASHREPORTER_NO_REPORT="1" MOZ_CRASHREPORTER_SHUTDOWN="1" MOZ_NO_REMOTE="1" "/App ... s" "localhost" "-foreground" "-no-remote" "-profile" "/var/folders/wc/1fgpcwpx4rzfbbc7shb_wy8h0000gn/T/rust_mozprofilef8hREn"
console.warn: services.settings: Ignoring preference override of remote settings server
console.warn: services.settings: Allow by setting MOZ_REMOTE_SETTINGS_DEVTOOLS=1 in the environment
1687435743190	Marionette	INFO	Marionette enabled
1687435743378	Marionette	INFO	Listening on port 65054
console.error: "Warning: unrecognized command line flag -remote-allow-hosts\n"
WebDriver BiDi listening on ws://127.0.0.1:65046
Read port: 65054
1687435743577	RemoteAgent	WARN	TLS certificate errors will be ignored for this session
UNSUPPORTED (log once): POSSIBLE ISSUE: unit 1 GLD_TEXTURE_INDEX_2D is unloadable and bound to sampler type (Float) - using zero texture because texture unloadable
[ERROR glean_core] Error setting metrics feature config: Json(Error("EOF while parsing a value", line: 1, column: 0))
DevTools listening on ws://127.0.0.1:65046/devtools/browser/55fefde6-a166-4bd1-9704-d9200cd184b3
JavaScript error: https://www.xn--mngelmelder-l8a.de/bms/1029009, line 1: ReferenceError: wdwMapInit is not defined
JavaScript error: https://www.xn--mngelmelder-l8a.de/bms/926956, line 1: ReferenceError: wdwMapInit is not defined
JavaScript error: https://www.xn--mngelmelder-l8a.de/bms/1223836, line 1: ReferenceError: wdwMapInit is not defined
JavaScript error: https://www.xn--mngelmelder-l8a.de/bms/1200627, line 1: ReferenceError: wdwMapInit is not defined
JavaScript error: https://www.xn--mngelmelder-l8a.de/bms/877685, line 1: ReferenceError: wdwMapInit is not defined
JavaScript error: https://www.xn--mngelmelder-l8a.de/bms/913410, line 1: ReferenceError: wdwMapInit is not defined
JavaScript error: https://www.xn--mngelmelder-l8a.de/bms/902750, line 1: ReferenceError: wdwMapInit is not defined
JavaScript error: https://www.xn--mngelmelder-l8a.de/bms/930834, line 1: ReferenceError: wdwMapInit is not defined
JavaScript error: https://www.xn--mngelmelder-l8a.de/bms/863249, line 1: ReferenceError: wdwMapInit is not defined
JavaScript error: https://www.xn--mngelmelder-l8a.de/bms/1177306, line 1: ReferenceError: wdwMapInit is not defined
JavaScript error: https://www.xn--mngelmelder-l8a.de/bms/1054466, line 1: ReferenceError: wdwMapInit is not defined
JavaScript error: https://www.xn--mngelmelder-l8a.de/bms/1084422, line 1: ReferenceError: wdwMapInit is not defined
JavaScript error: https://www.xn--mngelmelder-l8a.de/bms/1073049, line 1: ReferenceError: wdwMapInit is not defined
JavaScript error: https://www.xn--mngelmelder-l8a.de/bms/1178143, line 1: ReferenceError: wdwMapInit is not defined
JavaScript error: https://www.xn--mngelmelder-l8a.de/bms/1103621, line 1: ReferenceError: wdwMapInit is not defined
JavaScript error: https://www.xn--mngelmelder-l8a.de/bms/1154146, line 1: ReferenceError: wdwMapInit is not defined
JavaScript error: https://www.xn--mngelmelder-l8a.de/bms/1044252, line 1: ReferenceError: wdwMapInit is not defined
JavaScript error: https://www.xn--mngelmelder-l8a.de/bms/1099360, line 1: ReferenceError: wdwMapInit is not defined
JavaScript error: https://www.xn--mngelmelder-l8a.de/bms/1164185, line 1: ReferenceError: wdwMapInit is not defined
JavaScript error: https://www.xn--mngelmelder-l8a.de/bms/939147, line 1: ReferenceError: wdwMapInit is not defined
JavaScript error: https://www.xn--mngelmelder-l8a.de/bms/1223236, line 1: ReferenceError: wdwMapInit is not defined
JavaScript error: https://www.xn--mngelmelder-l8a.de/bms/1192255, line 1: ReferenceError: wdwMapInit is not defined
JavaScript error: https://www.xn--mngelmelder-l8a.de/bms/1092929, line 1: ReferenceError: wdwMapInit is not defined
JavaScript error: https://www.xn--mngelmelder-l8a.de/bms/1079121, line 1: ReferenceError: wdwMapInit is not defined
JavaScript error: https://www.xn--mngelmelder-l8a.de/bms/1230083, line 1: ReferenceError: wdwMapInit is not defined
JavaScript error: https://www.xn--mngelmelder-l8a.de/bms/1227808, line 1: ReferenceError: wdwMapInit is not defined
JavaScript error: https://www.xn--mngelmelder-l8a.de/bms/1105945, line 1: ReferenceError: wdwMapInit is not defined
JavaScript error: https://www.xn--mngelmelder-l8a.de/bms/981081, line 1: ReferenceError: wdwMapInit is not defined
JavaScript error: https://www.xn--mngelmelder-l8a.de/bms/1077083, line 1: ReferenceError: wdwMapInit is not defined
JavaScript error: https://www.xn--mngelmelder-l8a.de/bms/1120808, line 1: ReferenceError: wdwMapInit is not defined
JavaScript error: https://www.xn--mngelmelder-l8a.de/bms/1098241, line 1: ReferenceError: wdwMapInit is not defined
JavaScript error: https://www.xn--mngelmelder-l8a.de/bms/1134898, line 1: ReferenceError: wdwMapInit is not defined
JavaScript error: https://www.xn--mngelmelder-l8a.de/bms/1124838, line 1: ReferenceError: wdwMapInit is not defined
JavaScript error: https://www.xn--mngelmelder-l8a.de/bms/1153156, line 1: ReferenceError: wdwMapInit is not defined
JavaScript error: https://www.xn--mngelmelder-l8a.de/bms/1075720, line 1: ReferenceError: wdwMapInit is not defined
JavaScript error: https://www.xn--mngelmelder-l8a.de/bms/1163962, line 1: ReferenceError: wdwMapInit is not defined
JavaScript error: https://www.xn--mngelmelder-l8a.de/bms/1217460, line 1: ReferenceError: wdwMapInit is not defined
JavaScript error: https://www.xn--mngelmelder-l8a.de/bms/1078464, line 1: ReferenceError: wdwMapInit is not defined
JavaScript error: https://www.xn--mngelmelder-l8a.de/bms/1242034, line 1: ReferenceError: wdwMapInit is not defined
JavaScript error: https://www.xn--mngelmelder-l8a.de/bms/925382, line 1: ReferenceError: wdwMapInit is not defined
JavaScript error: https://www.xn--mngelmelder-l8a.de/bms/1140945, line 1: ReferenceError: wdwMapInit is not defined
JavaScript error: https://www.xn--mngelmelder-l8a.de/bms/1184354, line 1: ReferenceError: wdwMapInit is not defined
JavaScript error: https://www.xn--mngelmelder-l8a.de/bms/1165665, line 1: ReferenceError: wdwMapInit is not defined
JavaScript error: https://www.xn--mngelmelder-l8a.de/bms/1090873, line 1: ReferenceError: wdwMapInit is not defined
JavaScript error: https://www.xn--mngelmelder-l8a.de/bms/1118497, line 1: ReferenceError: wdwMapInit is not defined
JavaScript error: https://www.xn--mngelmelder-l8a.de/bms/1043817, line 1: ReferenceError: wdwMapInit is not defined
JavaScript error: https://www.xn--mngelmelder-l8a.de/bms/1086549, line 1: ReferenceError: wdwMapInit is not defined
JavaScript error: https://www.xn--mngelmelder-l8a.de/bms/1046566, line 1: ReferenceError: wdwMapInit is not defined
JavaScript error: https://www.xn--mngelmelder-l8a.de/bms/826043, line 1: ReferenceError: wdwMapInit is not defined
JavaScript error: https://www.xn--mngelmelder-l8a.de/bms/927017, line 1: ReferenceError: wdwMapInit is not defined
JavaScript error: https://www.xn--mngelmelder-l8a.de/bms/876959, line 1: ReferenceError: wdwMapInit is not defined
JavaScript error: https://www.xn--mngelmelder-l8a.de/bms/1126391, line 1: ReferenceError: wdwMapInit is not defined
JavaScript error: https://www.xn--mngelmelder-l8a.de/bms/1122355, line 1: ReferenceError: wdwMapInit is not defined
JavaScript error: https://www.xn--mngelmelder-l8a.de/bms/1169099, line 1: ReferenceError: wdwMapInit is not defined
JavaScript error: https://www.xn--mngelmelder-l8a.de/bms/1225399, line 1: ReferenceError: wdwMapInit is not defined
JavaScript error: https://www.xn--mngelmelder-l8a.de/bms/976474, line 1: ReferenceError: wdwMapInit is not defined
JavaScript error: https://www.xn--mngelmelder-l8a.de/bms/1063079, line 1: ReferenceError: wdwMapInit is not defined
JavaScript error: https://www.xn--mngelmelder-l8a.de/bms/1096177, line 1: ReferenceError: wdwMapInit is not defined
JavaScript error: https://www.xn--mngelmelder-l8a.de/bms/1155469, line 1: ReferenceError: wdwMapInit is not defined
JavaScript error: https://www.xn--mngelmelder-l8a.de/bms/1053618, line 1: ReferenceError: wdwMapInit is not defined
JavaScript error: https://www.xn--mngelmelder-l8a.de/bms/1097051, line 1: ReferenceError: wdwMapInit is not defined
JavaScript error: https://www.xn--mngelmelder-l8a.de/bms/1233466, line 1: ReferenceError: wdwMapInit is not defined
JavaScript error: https://www.xn--mngelmelder-l8a.de/bms/902357, line 1: ReferenceError: wdwMapInit is not defined
JavaScript error: https://www.xn--mngelmelder-l8a.de/bms/1118009, line 1: ReferenceError: wdwMapInit is not defined
JavaScript error: https://www.xn--mngelmelder-l8a.de/bms/1067076, line 1: ReferenceError: wdwMapInit is not defined
JavaScript error: https://www.xn--mngelmelder-l8a.de/bms/1001432, line 1: ReferenceError: wdwMapInit is not defined
JavaScript error: https://www.xn--mngelmelder-l8a.de/bms/1212548, line 1: ReferenceError: wdwMapInit is not defined
JavaScript error: https://www.xn--mngelmelder-l8a.de/bms/1057471, line 1: ReferenceError: wdwMapInit is not defined
JavaScript error: https://www.xn--mngelmelder-l8a.de/bms/997323, line 1: ReferenceError: wdwMapInit is not defined
JavaScript error: https://www.xn--mngelmelder-l8a.de/bms/1231954, line 1: ReferenceError: wdwMapInit is not defined
JavaScript error: https://www.xn--mngelmelder-l8a.de/bms/1079924, line 1: ReferenceError: wdwMapInit is not defined
JavaScript error: https://www.xn--mngelmelder-l8a.de/bms/1200845, line 1: ReferenceError: wdwMapInit is not defined
JavaScript error: https://www.xn--mngelmelder-l8a.de/bms/1152886, line 1: ReferenceError: wdwMapInit is not defined
JavaScript error: https://www.xn--mngelmelder-l8a.de/bms/1006688, line 1: ReferenceError: wdwMapInit is not defined
JavaScript error: https://www.xn--mngelmelder-l8a.de/bms/1221567, line 1: ReferenceError: wdwMapInit is not defined
JavaScript error: https://www.xn--mngelmelder-l8a.de/bms/1103288, line 1: ReferenceError: wdwMapInit is not defined
JavaScript error: https://www.xn--mngelmelder-l8a.de/bms/1001801, line 1: ReferenceError: wdwMapInit is not defined
JavaScript error: https://www.xn--mngelmelder-l8a.de/bms/1095336, line 1: ReferenceError: wdwMapInit is not defined
JavaScript error: https://www.xn--mngelmelder-l8a.de/bms/1108204, line 1: ReferenceError: wdwMapInit is not defined
JavaScript error: https://www.xn--mngelmelder-l8a.de/bms/1107610, line 1: ReferenceError: wdwMapInit is not defined
JavaScript error: https://www.xn--mngelmelder-l8a.de/bms/1120032, line 1: ReferenceError: wdwMapInit is not defined
JavaScript error: https://www.xn--mngelmelder-l8a.de/bms/1119188, line 1: ReferenceError: wdwMapInit is not defined
JavaScript error: https://www.xn--mngelmelder-l8a.de/bms/1171664, line 1: ReferenceError: wdwMapInit is not defined
JavaScript error: https://www.xn--mngelmelder-l8a.de/bms/1151051, line 1: ReferenceError: wdwMapInit is not defined
JavaScript error: https://www.xn--mngelmelder-l8a.de/bms/1060831, line 1: ReferenceError: wdwMapInit is not defined
JavaScript error: https://www.xn--mngelmelder-l8a.de/bms/1227663, line 1: ReferenceError: wdwMapInit is not defined
JavaScript error: https://www.xn--mngelmelder-l8a.de/bms/1075987, line 1: ReferenceError: wdwMapInit is not defined
JavaScript error: https://www.xn--mngelmelder-l8a.de/bms/1075973, line 1: ReferenceError: wdwMapInit is not defined
JavaScript error: https://www.xn--mngelmelder-l8a.de/bms/1017997, line 1: ReferenceError: wdwMapInit is not defined
JavaScript error: https://www.xn--mngelmelder-l8a.de/bms/1066797, line 1: ReferenceError: wdwMapInit is not defined
JavaScript error: https://www.xn--mngelmelder-l8a.de/bms/1145003, line 1: ReferenceError: wdwMapInit is not defined
JavaScript error: https://www.xn--mngelmelder-l8a.de/bms/1092774, line 1: ReferenceError: wdwMapInit is not defined
JavaScript error: https://www.xn--mngelmelder-l8a.de/bms/1114800, line 1: ReferenceError: wdwMapInit is not defined
JavaScript error: https://www.xn--mngelmelder-l8a.de/bms/969855, line 1: ReferenceError: wdwMapInit is not defined
JavaScript error: https://www.xn--mngelmelder-l8a.de/bms/1084423, line 1: ReferenceError: wdwMapInit is not defined
JavaScript error: https://www.xn--mngelmelder-l8a.de/bms/1041522, line 1: ReferenceError: wdwMapInit is not defined
JavaScript error: https://www.xn--mngelmelder-l8a.de/bms/1226579, line 1: ReferenceError: wdwMapInit is not defined
JavaScript error: https://www.xn--mngelmelder-l8a.de/bms/1187318, line 1: ReferenceError: wdwMapInit is not defined
JavaScript error: https://www.xn--mngelmelder-l8a.de/bms/1106738, line 1: ReferenceError: wdwMapInit is not defined
JavaScript error: https://www.xn--mngelmelder-l8a.de/bms/1121926, line 1: ReferenceError: wdwMapInit is not defined
JavaScript error: https://www.xn--mngelmelder-l8a.de/bms/1193185, line 1: ReferenceError: wdwMapInit is not defined
JavaScript error: https://www.xn--mngelmelder-l8a.de/bms/939148, line 1: ReferenceError: wdwMapInit is not defined
JavaScript error: https://www.xn--mngelmelder-l8a.de/bms/1067817, line 1: ReferenceError: wdwMapInit is not defined
JavaScript error: https://www.xn--mngelmelder-l8a.de/bms/1220645, line 1: ReferenceError: wdwMapInit is not defined
JavaScript error: https://www.xn--mngelmelder-l8a.de/bms/1231013, line 1: ReferenceError: wdwMapInit is not defined
JavaScript error: https://www.xn--mngelmelder-l8a.de/bms/1134318, line 1: ReferenceError: wdwMapInit is not defined
JavaScript error: https://www.xn--mngelmelder-l8a.de/bms/1096067, line 1: ReferenceError: wdwMapInit is not defined
JavaScript error: https://www.xn--mngelmelder-l8a.de/bms/1053737, line 1: ReferenceError: wdwMapInit is not defined
JavaScript error: https://www.xn--mngelmelder-l8a.de/bms/1010450, line 1: ReferenceError: wdwMapInit is not defined
JavaScript error: https://www.xn--mngelmelder-l8a.de/bms/1065067, line 1: ReferenceError: wdwMapInit is not defined
JavaScript error: https://www.xn--mngelmelder-l8a.de/bms/1091289, line 1: ReferenceError: wdwMapInit is not defined
JavaScript error: https://www.xn--mngelmelder-l8a.de/bms/945913, line 1: ReferenceError: wdwMapInit is not defined
JavaScript error: https://www.xn--mngelmelder-l8a.de/bms/1000636, line 1: ReferenceError: wdwMapInit is not defined
JavaScript error: https://www.xn--mngelmelder-l8a.de/bms/1180289, line 1: ReferenceError: wdwMapInit is not defined
JavaScript error: https://www.xn--mngelmelder-l8a.de/bms/1064141, line 1: ReferenceError: wdwMapInit is not defined
JavaScript error: https://www.xn--mngelmelder-l8a.de/bms/1052047, line 1: ReferenceError: wdwMapInit is not defined
JavaScript error: https://www.xn--mngelmelder-l8a.de/bms/908584, line 1: ReferenceError: wdwMapInit is not defined
JavaScript error: https://www.xn--mngelmelder-l8a.de/bms/968461, line 1: ReferenceError: wdwMapInit is not defined
JavaScript error: https://www.xn--mngelmelder-l8a.de/bms/1032390, line 1: ReferenceError: wdwMapInit is not defined
JavaScript error: https://www.xn--mngelmelder-l8a.de/bms/1123156, line 1: ReferenceError: wdwMapInit is not defined
JavaScript error: https://www.xn--mngelmelder-l8a.de/bms/1231484, line 1: ReferenceError: wdwMapInit is not defined
JavaScript error: https://www.xn--mngelmelder-l8a.de/bms/875436, line 1: ReferenceError: wdwMapInit is not defined
JavaScript error: https://www.xn--mngelmelder-l8a.de/bms/1007873, line 1: ReferenceError: wdwMapInit is not defined
JavaScript error: https://www.xn--mngelmelder-l8a.de/bms/1079256, line 1: ReferenceError: wdwMapInit is not defined
JavaScript error: https://www.xn--mngelmelder-l8a.de/bms/1084551, line 1: ReferenceError: wdwMapInit is not defined
JavaScript error: https://www.xn--mngelmelder-l8a.de/bms/1088959, line 1: ReferenceError: wdwMapInit is not defined
JavaScript error: https://www.xn--mngelmelder-l8a.de/bms/868170, line 1: ReferenceError: wdwMapInit is not defined
JavaScript error: https://www.xn--mngelmelder-l8a.de/bms/1077797, line 1: ReferenceError: wdwMapInit is not defined
JavaScript error: https://www.xn--mngelmelder-l8a.de/bms/1083921, line 1: ReferenceError: wdwMapInit is not defined
JavaScript error: https://www.xn--mngelmelder-l8a.de/bms/556153, line 1: ReferenceError: wdwMapInit is not defined
JavaScript error: https://www.xn--mngelmelder-l8a.de/bms/1154238, line 1: ReferenceError: wdwMapInit is not defined
JavaScript error: https://www.xn--mngelmelder-l8a.de/bms/440529, line 1: ReferenceError: wdwMapInit is not defined
JavaScript error: https://www.xn--mngelmelder-l8a.de/bms/1214157, line 1: ReferenceError: wdwMapInit is not defined
JavaScript error: https://www.xn--mngelmelder-l8a.de/bms/1184085, line 1: ReferenceError: wdwMapInit is not defined
JavaScript error: https://www.xn--mngelmelder-l8a.de/bms/1017482, line 1: ReferenceError: wdwMapInit is not defined
JavaScript error: https://www.xn--mngelmelder-l8a.de/bms/1142534, line 1: ReferenceError: wdwMapInit is not defined
JavaScript error: https://www.xn--mngelmelder-l8a.de/bms/1212865, line 1: ReferenceError: wdwMapInit is not defined
JavaScript error: https://www.xn--mngelmelder-l8a.de/bms/1124170, line 1: ReferenceError: wdwMapInit is not defined
JavaScript error: https://www.xn--mngelmelder-l8a.de/bms/861669, line 1: ReferenceError: wdwMapInit is not defined
JavaScript error: https://www.xn--mngelmelder-l8a.de/bms/1126627, line 1: ReferenceError: wdwMapInit is not defined
JavaScript error: https://www.xn--mngelmelder-l8a.de/bms/1066085, line 1: ReferenceError: wdwMapInit is not defined
JavaScript error: https://www.xn--mngelmelder-l8a.de/bms/1021570, line 1: ReferenceError: wdwMapInit is not defined
JavaScript error: https://www.xn--mngelmelder-l8a.de/bms/1119658, line 1: ReferenceError: wdwMapInit is not defined
JavaScript error: https://www.xn--mngelmelder-l8a.de/bms/1089849, line 1: ReferenceError: wdwMapInit is not defined
JavaScript error: https://www.xn--mngelmelder-l8a.de/bms/925453, line 1: ReferenceError: wdwMapInit is not defined
JavaScript error: https://www.xn--mngelmelder-l8a.de/bms/1042826, line 1: ReferenceError: wdwMapInit is not defined
JavaScript error: https://www.xn--mngelmelder-l8a.de/bms/1048712, line 1: ReferenceError: wdwMapInit is not defined
JavaScript error: https://www.xn--mngelmelder-l8a.de/bms/1146964, line 1: ReferenceError: wdwMapInit is not defined
JavaScript error: https://www.xn--mngelmelder-l8a.de/bms/917768, line 1: ReferenceError: wdwMapInit is not defined
JavaScript error: https://www.xn--mngelmelder-l8a.de/bms/836935, line 1: ReferenceError: wdwMapInit is not defined
JavaScript error: https://www.xn--mngelmelder-l8a.de/bms/868929, line 1: ReferenceError: wdwMapInit is not defined
JavaScript error: https://www.xn--mngelmelder-l8a.de/bms/1137396, line 1: ReferenceError: wdwMapInit is not defined
JavaScript error: https://www.xn--mngelmelder-l8a.de/bms/977847, line 1: ReferenceError: wdwMapInit is not defined
JavaScript error: https://www.xn--mngelmelder-l8a.de/bms/1177674, line 1: ReferenceError: wdwMapInit is not defined
JavaScript error: https://www.xn--mngelmelder-l8a.de/bms/1088590, line 1: ReferenceError: wdwMapInit is not defined
JavaScript error: https://www.xn--mngelmelder-l8a.de/bms/980246, line 1: ReferenceError: wdwMapInit is not defined
JavaScript error: https://www.xn--mngelmelder-l8a.de/bms/1085049, line 1: ReferenceError: wdwMapInit is not defined
JavaScript error: https://www.xn--mngelmelder-l8a.de/bms/1137534, line 1: ReferenceError: wdwMapInit is not defined
JavaScript error: https://www.xn--mngelmelder-l8a.de/bms/1126210, line 1: ReferenceError: wdwMapInit is not defined
JavaScript error: https://www.xn--mngelmelder-l8a.de/bms/1197607, line 1: ReferenceError: wdwMapInit is not defined
JavaScript error: https://www.xn--mngelmelder-l8a.de/bms/1173015, line 1: ReferenceError: wdwMapInit is not defined
JavaScript error: https://www.xn--mngelmelder-l8a.de/bms/1007220, line 1: ReferenceError: wdwMapInit is not defined
JavaScript error: https://www.xn--mngelmelder-l8a.de/bms/1120584, line 1: ReferenceError: wdwMapInit is not defined
JavaScript error: https://www.xn--mngelmelder-l8a.de/bms/1100177, line 1: ReferenceError: wdwMapInit is not defined
JavaScript error: https://www.xn--mngelmelder-l8a.de/bms/1071066, line 1: ReferenceError: wdwMapInit is not defined
JavaScript error: https://www.xn--mngelmelder-l8a.de/bms/939636, line 1: ReferenceError: wdwMapInit is not defined
JavaScript error: https://www.xn--mngelmelder-l8a.de/bms/1083729, line 1: ReferenceError: wdwMapInit is not defined
JavaScript error: https://www.xn--mngelmelder-l8a.de/bms/925090, line 1: ReferenceError: wdwMapInit is not defined
JavaScript error: https://www.xn--mngelmelder-l8a.de/bms/1102881, line 1: ReferenceError: wdwMapInit is not defined
JavaScript error: https://www.xn--mngelmelder-l8a.de/bms/1180015, line 1: ReferenceError: wdwMapInit is not defined
JavaScript error: https://www.xn--mngelmelder-l8a.de/bms/1149371, line 1: ReferenceError: wdwMapInit is not defined
JavaScript error: https://www.xn--mngelmelder-l8a.de/bms/1167275, line 1: ReferenceError: wdwMapInit is not defined
JavaScript error: https://www.xn--mngelmelder-l8a.de/bms/1160050, line 1: ReferenceError: wdwMapInit is not defined
JavaScript error: https://www.xn--mngelmelder-l8a.de/bms/878170, line 1: ReferenceError: wdwMapInit is not defined
JavaScript error: https://www.xn--mngelmelder-l8a.de/bms/1124576, line 1: ReferenceError: wdwMapInit is not defined
JavaScript error: https://www.xn--mngelmelder-l8a.de/bms/1206252, line 1: ReferenceError: wdwMapInit is not defined
JavaScript error: https://www.xn--mngelmelder-l8a.de/bms/898593, line 1: ReferenceError: wdwMapInit is not defined
JavaScript error: https://www.xn--mngelmelder-l8a.de/bms/1029572, line 1: ReferenceError: wdwMapInit is not defined
JavaScript error: https://www.xn--mngelmelder-l8a.de/bms/1043991, line 1: ReferenceError: wdwMapInit is not defined
JavaScript error: https://www.xn--mngelmelder-l8a.de/bms/1023874, line 1: ReferenceError: wdwMapInit is not defined
JavaScript error: https://www.xn--mngelmelder-l8a.de/bms/1078586, line 1: ReferenceError: wdwMapInit is not defined
JavaScript error: https://www.xn--mngelmelder-l8a.de/bms/1218992, line 1: ReferenceError: wdwMapInit is not defined
JavaScript error: https://www.xn--mngelmelder-l8a.de/bms/1081245, line 1: ReferenceError: wdwMapInit is not defined
JavaScript error: https://www.xn--mngelmelder-l8a.de/bms/1149949, line 1: ReferenceError: wdwMapInit is not defined
JavaScript error: https://www.xn--mngelmelder-l8a.de/bms/1160291, line 1: ReferenceError: wdwMapInit is not defined
JavaScript error: https://www.xn--mngelmelder-l8a.de/bms/1215219, line 1: ReferenceError: wdwMapInit is not defined
JavaScript error: https://www.xn--mngelmelder-l8a.de/bms/1076888, line 1: ReferenceError: wdwMapInit is not defined
JavaScript error: https://www.xn--mngelmelder-l8a.de/bms/1093787, line 1: ReferenceError: wdwMapInit is not defined
JavaScript error: https://www.xn--mngelmelder-l8a.de/bms/921065, line 1: ReferenceError: wdwMapInit is not defined
JavaScript error: https://www.xn--mngelmelder-l8a.de/bms/901006, line 1: ReferenceError: wdwMapInit is not defined
JavaScript error: https://www.xn--mngelmelder-l8a.de/bms/1087310, line 1: ReferenceError: wdwMapInit is not defined
JavaScript error: https://www.xn--mngelmelder-l8a.de/bms/1094999, line 1: ReferenceError: wdwMapInit is not defined
JavaScript error: https://www.xn--mngelmelder-l8a.de/bms/1172708, line 1: ReferenceError: wdwMapInit is not defined
JavaScript error: https://www.xn--mngelmelder-l8a.de/bms/931436, line 1: ReferenceError: wdwMapInit is not defined
JavaScript error: https://www.xn--mngelmelder-l8a.de/bms/871052, line 1: ReferenceError: wdwMapInit is not defined
JavaScript error: https://www.xn--mngelmelder-l8a.de/bms/1213710, line 1: ReferenceError: wdwMapInit is not defined
JavaScript error: https://www.xn--mngelmelder-l8a.de/bms/1025310, line 1: ReferenceError: wdwMapInit is not defined
JavaScript error: https://www.xn--mngelmelder-l8a.de/bms/1063505, line 1: ReferenceError: wdwMapInit is not defined
JavaScript error: https://www.xn--mngelmelder-l8a.de/bms/1062281, line 1: ReferenceError: wdwMapInit is not defined
JavaScript error: https://www.xn--mngelmelder-l8a.de/bms/1197807, line 1: ReferenceError: wdwMapInit is not defined
JavaScript error: https://www.xn--mngelmelder-l8a.de/bms/853933, line 1: ReferenceError: wdwMapInit is not defined
JavaScript error: https://www.xn--mngelmelder-l8a.de/bms/1102024, line 1: ReferenceError: wdwMapInit is not defined
JavaScript error: https://www.xn--mngelmelder-l8a.de/bms/891489, line 1: ReferenceError: wdwMapInit is not defined
JavaScript error: https://www.xn--mngelmelder-l8a.de/bms/949973, line 1: ReferenceError: wdwMapInit is not defined
JavaScript error: https://www.xn--mngelmelder-l8a.de/bms/1123159, line 1: ReferenceError: wdwMapInit is not defined
JavaScript error: https://www.xn--mngelmelder-l8a.de/bms/924325, line 1: ReferenceError: wdwMapInit is not defined
JavaScript error: https://www.xn--mngelmelder-l8a.de/bms/1124718, line 1: ReferenceError: wdwMapInit is not defined
JavaScript error: https://www.xn--mngelmelder-l8a.de/bms/1092864, line 1: ReferenceError: wdwMapInit is not defined
JavaScript error: https://www.xn--mngelmelder-l8a.de/bms/1107909, line 1: ReferenceError: wdwMapInit is not defined
JavaScript error: https://www.xn--mngelmelder-l8a.de/bms/881416, line 1: ReferenceError: wdwMapInit is not defined
JavaScript error: https://www.xn--mngelmelder-l8a.de/bms/1063192, line 1: ReferenceError: wdwMapInit is not defined
JavaScript error: https://www.xn--mngelmelder-l8a.de/bms/1136216, line 1: ReferenceError: wdwMapInit is not defined
JavaScript error: https://www.xn--mngelmelder-l8a.de/bms/1222853, line 1: ReferenceError: wdwMapInit is not defined
JavaScript error: https://www.xn--mngelmelder-l8a.de/bms/1116423, line 1: ReferenceError: wdwMapInit is not defined
JavaScript error: https://www.xn--mngelmelder-l8a.de/bms/1070743, line 1: ReferenceError: wdwMapInit is not defined
JavaScript error: https://www.xn--mngelmelder-l8a.de/bms/1072470, line 1: ReferenceError: wdwMapInit is not defined
JavaScript error: https://www.xn--mngelmelder-l8a.de/bms/1216405, line 1: ReferenceError: wdwMapInit is not defined
JavaScript error: https://www.xn--mngelmelder-l8a.de/bms/1045801, line 1: ReferenceError: wdwMapInit is not defined
JavaScript error: https://www.xn--mngelmelder-l8a.de/bms/1241998, line 1: ReferenceError: wdwMapInit is not defined
JavaScript error: https://www.xn--mngelmelder-l8a.de/bms/879231, line 1: ReferenceError: wdwMapInit is not defined
JavaScript error: https://www.xn--mngelmelder-l8a.de/bms/1037046, line 1: ReferenceError: wdwMapInit is not defined
JavaScript error: https://www.xn--mngelmelder-l8a.de/bms/983695, line 1: ReferenceError: wdwMapInit is not defined
[Child 58824, Main Thread] WARNING: JSWindowActorChild::SendRawMessage (Conduits, ConduitClosed) not sent: !CanSend() || !mManager || !mManager->CanSend(): file /builds/worker/checkouts/gecko/dom/ipc/jsactor/JSWindowActorChild.cpp:57
[Child 58824, Main Thread] WARNING: JSWindowActorChild::SendRawMessage (Conduits, ConduitClosed) not sent: !CanSend() || !mManager || !mManager->CanSend(): file /builds/worker/checkouts/gecko/dom/ipc/jsactor/JSWindowActorChild.cpp:57
[Child 58824, Main Thread] WARNING: JSWindowActorChild::SendRawMessage (Conduits, ConduitClosed) not sent: !CanSend() || !mManager || !mManager->CanSend(): file /builds/worker/checkouts/gecko/dom/ipc/jsactor/JSWindowActorChild.cpp:57
[Child 58824, Main Thread] WARNING: JSWindowActorChild::SendRawMessage (Conduits, ConduitClosed) not sent: !CanSend() || !mManager || !mManager->CanSend(): file /builds/worker/checkouts/gecko/dom/ipc/jsactor/JSWindowActorChild.cpp:57
[Child 58824, Main Thread] WARNING: JSWindowActorChild::SendRawMessage (Conduits, ConduitClosed) not sent: !CanSend() || !mManager || !mManager->CanSend(): file /builds/worker/checkouts/gecko/dom/ipc/jsactor/JSWindowActorChild.cpp:57
[Child 58824, Main Thread] WARNING: JSWindowActorChild::SendRawMessage (Conduits, ConduitClosed) not sent: !CanSend() || !mManager || !mManager->CanSend(): file /builds/worker/checkouts/gecko/dom/ipc/jsactor/JSWindowActorChild.cpp:57
[Child 58824, Main Thread] WARNING: JSWindowActorChild::SendRawMessage (Conduits, ConduitClosed) not sent: !CanSend() || !mManager || !mManager->CanSend(): file /builds/worker/checkouts/gecko/dom/ipc/jsactor/JSWindowActorChild.cpp:57
[Child 58824, Main Thread] WARNING: JSWindowActorChild::SendRawMessage (Conduits, ConduitClosed) not sent: !CanSend() || !mManager || !mManager->CanSend(): file /builds/worker/checkouts/gecko/dom/ipc/jsactor/JSWindowActorChild.cpp:57
[Child 58824, Main Thread] WARNING: JSWindowActorChild::SendRawMessage (Conduits, ConduitClosed) not sent: !CanSend() || !mManager || !mManager->CanSend(): file /builds/worker/checkouts/gecko/dom/ipc/jsactor/JSWindowActorChild.cpp:57
1687438791057	Marionette	INFO	Stopped listening on port 56754
[Child 67635, Main Thread] WARNING: JSWindowActorChild::SendRawMessage (Conduits, ConduitClosed) not sent: !CanSend() || !mManager || !mManager->CanSend(): file /builds/worker/checkouts/gecko/dom/ipc/jsactor/JSWindowActorChild.cpp:57
[Child 67635, Main Thread] WARNING: JSWindowActorChild::SendRawMessage (Conduits, ConduitClosed) not sent: !CanSend() || !mManager || !mManager->CanSend(): file /builds/worker/checkouts/gecko/dom/ipc/jsactor/JSWindowActorChild.cpp:57
[Child 67635, Main Thread] WARNING: JSWindowActorChild::SendRawMessage (Conduits, ConduitClosed) not sent: !CanSend() || !mManager || !mManager->CanSend(): file /builds/worker/checkouts/gecko/dom/ipc/jsactor/JSWindowActorChild.cpp:57
[Child 67635, Main Thread] WARNING: JSWindowActorChild::SendRawMessage (Conduits, ConduitClosed) not sent: !CanSend() || !mManager || !mManager->CanSend(): file /builds/worker/checkouts/gecko/dom/ipc/jsactor/JSWindowActorChild.cpp:57
[Child 67635, Main Thread] WARNING: JSWindowActorChild::SendRawMessage (Conduits, ConduitClosed) not sent: !CanSend() || !mManager || !mManager->CanSend(): file /builds/worker/checkouts/gecko/dom/ipc/jsactor/JSWindowActorChild.cpp:57
[Child 67635, Main Thread] WARNING: JSWindowActorChild::SendRawMessage (Conduits, ConduitClosed) not sent: !CanSend() || !mManager || !mManager->CanSend(): file /builds/worker/checkouts/gecko/dom/ipc/jsactor/JSWindowActorChild.cpp:57
[Child 67635, Main Thread] WARNING: JSWindowActorChild::SendRawMessage (Conduits, ConduitClosed) not sent: !CanSend() || !mManager || !mManager->CanSend(): file /builds/worker/checkouts/gecko/dom/ipc/jsactor/JSWindowActorChild.cpp:57
[Child 67635, Main Thread] WARNING: JSWindowActorChild::SendRawMessage (Conduits, ConduitClosed) not sent: !CanSend() || !mManager || !mManager->CanSend(): file /builds/worker/checkouts/gecko/dom/ipc/jsactor/JSWindowActorChild.cpp:57
[Child 67635, Main Thread] WARNING: JSWindowActorChild::SendRawMessage (Conduits, ConduitClosed) not sent: !CanSend() || !mManager || !mManager->CanSend(): file /builds/worker/checkouts/gecko/dom/ipc/jsactor/JSWindowActorChild.cpp:57
1687438792476	Marionette	INFO	Stopped listening on port 65054
